<?xml version="1.0" encoding="utf-8"?><testsuites name="pytest tests"><testsuite name="pytest" errors="0" failures="0" skipped="0" tests="19" time="80.947" timestamp="2026-08-12T13:57:58.102741+00:00" hostname="agent-env-046c5cea-6a26-4113-8aa1-d4615423c872"><testcase classname="tests.test_new_features" name="test_translate_batch_en_to_ta_preserves_count_and_order" time="4.234" /><testcase classname="tests.test_new_features" name="test_translate_batch_empty_texts" time="0.066" /><testcase classname="tests.test_new_features" name="test_translate_batch_multiple_languages[bn-codepoint_range0]" time="1.538" /><testcase classname="tests.test_new_features" name="test_translate_batch_multiple_languages[te-codepoint_range1]" time="1.481" /><testcase classname="tests.test_new_features" name="test_translate_batch_multiple_languages[ml-codepoint_range2]" time="1.619" /><testcase classname="tests.test_new_features" name="test_translate_batch_multiple_languages[gu-codepoint_range3]" time="1.116" /><testcase classname="tests.test_new_features" name="test_translate_batch_multiple_languages[pa-codepoint_range4]" time="1.399" /><testcase classname="tests.test_new_features" name="test_translate_batch_multiple_languages[ur-codepoint_range5]" time="1.559" /><testcase classname="tests.test_new_features" name="test_translate_batch_rarer_languages[sat]" time="2.173" /><testcase classname="tests.test_new_features" name="test_translate_batch_rarer_languages[brx]" time="1.109" /><testcase classname="tests.test_new_features" name="test_translate_batch_rarer_languages[mni]" time="1.593" /><testcase classname="tests.test_new_features" name="test_tts_long_text_chunked" time="43.281" /><testcase classname="tests.test_new_features" name="test_tts_multiple_languages[ta-\u0bb5\u0ba3\u0b95\u0bcd\u0b95\u0bae\u0bcd, \u0b87\u0ba4\u0bc1 \u0b92\u0bb0\u0bc1 \u0b9a\u0bcb\u0ba4\u0ba9\u0bc8.]" time="2.325" /><testcase classname="tests.test_new_features" name="test_tts_multiple_languages[te-\u0c28\u0c2e\u0c38\u0c4d\u0c15\u0c3e\u0c30\u0c02, \u0c07\u0c26\u0c3f \u0c12\u0c15 \u0c2a\u0c30\u0c40\u0c15\u0c4d\u0c37.]" time="1.675" /><testcase classname="tests.test_new_features" name="test_tts_multiple_languages[ml-\u0d28\u0d2e\u0d38\u0d4d\u0d15\u0d3e\u0d30\u0d02, \u0d07\u0d24\u0d4d \u0d12\u0d30\u0d41 \u0d2a\u0d30\u0d40\u0d15\u0d4d\u0d37\u0d23\u0d2e\u0d3e\u0d23\u0d4d.]" time="2.867" /><testcase classname="tests.test_new_features" name="test_tts_multiple_languages[gu-\u0aa8\u0aae\u0ab8\u0acd\u0aa4\u0ac7, \u0a86 \u0a8f\u0a95 \u0aaa\u0ab0\u0ac0\u0a95\u0acd\u0ab7\u0aa3 \u0a9b\u0ac7.]" time="4.083" /><testcase classname="tests.test_new_features" name="test_tts_multiple_languages[pa-\u0a38\u0a24 \u0a38\u0a4d\u0a30\u0a40 \u0a05\u0a15\u0a3e\u0a32, \u0a07\u0a39 \u0a07\u0a71\u0a15 \u0a1f\u0a48\u0a38\u0a1f \u0a39\u0a48\u0964]" time="4.357" /><testcase classname="tests.test_new_features" name="test_tts_multiple_languages[ur-\u06c1\u06cc\u0644\u0648\u060c \u06cc\u06c1 \u0627\u06cc\u06a9 \u0679\u06cc\u0633\u0679 \u06c1\u06d2\u06d4]" time="2.942" /><testcase classname="tests.test_new_features" name="test_stats_persist_across_logout_login" time="1.194" /></testsuite></testsuites>