<?xml version="1.0" encoding="utf-8"?><testsuites name="pytest tests"><testsuite name="pytest" errors="0" failures="0" skipped="0" tests="14" time="29.947" timestamp="2026-08-11T18:19:29.713269+00:00" hostname="agent-env-046c5cea-6a26-4113-8aa1-d4615423c872"><testcase classname="tests.backend_test" name="test_languages" time="0.270" /><testcase classname="tests.backend_test" name="test_register_and_me" time="0.353" /><testcase classname="tests.backend_test" name="test_login_demo" time="0.294" /><testcase classname="tests.backend_test" name="test_login_invalid" time="0.281" /><testcase classname="tests.backend_test" name="test_me_no_token" time="0.149" /><testcase classname="tests.backend_test" name="test_translate_hi_to_bn" time="1.449" /><testcase classname="tests.backend_test" name="test_tts_bengali" time="14.194" /><testcase classname="tests.backend_test" name="test_projects_crud_and_isolation" time="0.829" /><testcase classname="tests.backend_test" name="test_projects_requires_auth" time="0.150" /><testcase classname="tests.backend_test" name="test_analytics" time="0.058" /><testcase classname="tests.backend_test" name="test_analytics_requires_auth" time="0.126" /><testcase classname="tests.backend_test" name="test_transcribe_returns_iso_language_code" time="5.894" /><testcase classname="tests.backend_test" name="test_export_audio_only_returns_mp4" time="2.907" /><testcase classname="tests.backend_test" name="test_export_with_video_and_audio" time="2.673" /></testsuite></testsuites>