<?xml version="1.0" encoding="utf-8"?><testsuites name="pytest tests"><testsuite name="pytest" errors="0" failures="0" skipped="0" tests="12" time="4.041" timestamp="2026-08-12T11:16:17.422828+00:00" hostname="agent-env-046c5cea-6a26-4113-8aa1-d4615423c872"><testcase classname="tests.backend_test" name="test_languages" time="0.324" /><testcase classname="tests.backend_test" name="test_register_and_me" time="0.435" /><testcase classname="tests.backend_test" name="test_login_demo" time="0.290" /><testcase classname="tests.backend_test" name="test_login_invalid" time="0.280" /><testcase classname="tests.backend_test" name="test_me_no_token" time="0.133" /><testcase classname="tests.backend_test" name="test_projects_crud_and_isolation" time="0.835" /><testcase classname="tests.backend_test" name="test_projects_requires_auth" time="0.137" /><testcase classname="tests.backend_test" name="test_analytics_demo_user" time="0.066" /><testcase classname="tests.backend_test" name="test_analytics_requires_auth" time="0.127" /><testcase classname="tests.backend_test" name="test_stats_requires_auth" time="0.131" /><testcase classname="tests.backend_test" name="test_stats_and_analytics_fresh_user_empty" time="0.414" /><testcase classname="tests.backend_test" name="test_stats_grows_with_projects" time="0.547" /></testsuite></testsuites>