<?xml version="1.0" encoding="utf-8"?><testsuites name="pytest tests"><testsuite name="pytest" errors="0" failures="0" skipped="0" tests="17" time="18.078" timestamp="2026-08-12T12:30:38.810287+00:00" hostname="agent-env-046c5cea-6a26-4113-8aa1-d4615423c872"><testcase classname="tests.backend_test" name="test_languages" time="0.298" /><testcase classname="tests.backend_test" name="test_register_and_me" time="0.357" /><testcase classname="tests.backend_test" name="test_login_demo" time="0.293" /><testcase classname="tests.backend_test" name="test_login_invalid" time="0.298" /><testcase classname="tests.backend_test" name="test_me_no_token" time="0.173" /><testcase classname="tests.backend_test" name="test_translate_hi_to_bn" time="1.446" /><testcase classname="tests.backend_test" name="test_tts_bengali" time="2.780" /><testcase classname="tests.backend_test" name="test_projects_crud_and_isolation" time="0.846" /><testcase classname="tests.backend_test" name="test_projects_requires_auth" time="0.171" /><testcase classname="tests.backend_test" name="test_analytics_demo_user" time="0.064" /><testcase classname="tests.backend_test" name="test_analytics_requires_auth" time="0.132" /><testcase classname="tests.backend_test" name="test_stats_requires_auth" time="0.205" /><testcase classname="tests.backend_test" name="test_stats_and_analytics_fresh_user_empty" time="0.418" /><testcase classname="tests.backend_test" name="test_stats_grows_with_projects" time="0.571" /><testcase classname="tests.backend_test" name="test_transcribe_returns_iso_language_code" time="4.571" /><testcase classname="tests.backend_test" name="test_export_audio_only_returns_mp4" time="2.957" /><testcase classname="tests.backend_test" name="test_export_with_video_and_audio" time="2.164" /></testsuite></testsuites>